<?xml version="1.0" encoding="UTF-8"?>
<coverage generated="1681260104369" clover="3.2.0">
  <project timestamp="1681260104369" name="All files">
    <metrics statements="28" coveredstatements="27" conditionals="9" coveredconditionals="4" methods="3" coveredmethods="3" elements="40" coveredelements="34" complexity="0" loc="28" ncloc="28" packages="1" files="2" classes="2"/>
    <file name="csv-loader.ts" path="/Users/nolleh/Documents/workspace_github/csv-loader/src/csv-loader.ts">
      <metrics statements="27" coveredstatements="26" conditionals="9" coveredconditionals="4" methods="3" coveredmethods="3"/>
      <line num="1" count="2" type="stmt"/>
      <line num="4" count="7" type="stmt"/>
      <line num="6" count="7" type="stmt"/>
      <line num="8" count="7" type="cond" truecount="0" falsecount="1"/>
      <line num="9" count="7" type="stmt"/>
      <line num="10" count="7" type="stmt"/>
      <line num="14" count="16" type="cond" truecount="1" falsecount="1"/>
      <line num="16" count="16" type="cond" truecount="2" falsecount="0"/>
      <line num="17" count="14" type="cond" truecount="1" falsecount="0"/>
      <line num="18" count="16" type="stmt"/>
      <line num="22" count="7" type="cond" truecount="0" falsecount="1"/>
      <line num="23" count="7" type="stmt"/>
      <line num="28" count="4" type="stmt"/>
      <line num="30" count="4" type="cond" truecount="0" falsecount="1"/>
      <line num="32" count="4" type="stmt"/>
      <line num="34" count="4" type="stmt"/>
      <line num="35" count="4" type="stmt"/>
      <line num="36" count="4" type="stmt"/>
      <line num="37" count="7" type="stmt"/>
      <line num="38" count="7" type="stmt"/>
      <line num="39" count="7" type="cond" truecount="0" falsecount="1"/>
      <line num="40" count="0" type="stmt"/>
      <line num="41" count="7" type="stmt"/>
      <line num="42" count="7" type="stmt"/>
      <line num="43" count="16" type="stmt"/>
      <line num="44" count="7" type="stmt"/>
      <line num="46" count="4" type="stmt"/>
    </file>
    <file name="index.ts" path="/Users/nolleh/Documents/workspace_github/csv-loader/src/index.ts">
      <metrics statements="1" coveredstatements="1" conditionals="0" coveredconditionals="0" methods="0" coveredmethods="0"/>
      <line num="1" count="1" type="stmt"/>
    </file>
  </project>
</coverage>
