{"/Users/nolleh/Documents/workspace_github/csv-loader/src/csv-loader.ts": {"path":"/Users/nolleh/Documents/workspace_github/csv-loader/src/csv-loader.ts","statementMap":{"0":{"start":{"line":4,"column":6},"end":{"line":4,"column":216}},"1":{"start":{"line":6,"column":6},"end":{"line":6,"column":130}},"2":{"start":{"line":8,"column":4},"end":{"line":8,"column":42}},"3":{"start":{"line":8,"column":30},"end":{"line":8,"column":42}},"4":{"start":{"line":9,"column":12},"end":{"line":9,"column":14}},"5":{"start":{"line":10,"column":4},"end":{"line":20,"column":6}},"6":{"start":{"line":14,"column":8},"end":{"line":17,"column":46}},"7":{"start":{"line":14,"column":30},"end":{"line":14,"column":62}},"8":{"start":{"line":16,"column":13},"end":{"line":17,"column":46}},"9":{"start":{"line":16,"column":35},"end":{"line":16,"column":67}},"10":{"start":{"line":17,"column":13},"end":{"line":17,"column":46}},"11":{"start":{"line":17,"column":35},"end":{"line":17,"column":46}},"12":{"start":{"line":18,"column":8},"end":{"line":18,"column":18}},"13":{"start":{"line":22,"column":4},"end":{"line":22,"column":39}},"14":{"start":{"line":22,"column":28},"end":{"line":22,"column":39}},"15":{"start":{"line":23,"column":4},"end":{"line":23,"column":13}},"16":{"start":{"line":28,"column":18},"end":{"line":28,"column":36}},"17":{"start":{"line":30,"column":4},"end":{"line":30,"column":37}},"18":{"start":{"line":30,"column":27},"end":{"line":30,"column":37}},"19":{"start":{"line":32,"column":20},"end":{"line":32,"column":39}},"20":{"start":{"line":34,"column":24},"end":{"line":34,"column":26}},"21":{"start":{"line":35,"column":17},"end":{"line":35,"column":31}},"22":{"start":{"line":36,"column":4},"end":{"line":45,"column":null}},"23":{"start":{"line":37,"column":24},"end":{"line":37,"column":26}},"24":{"start":{"line":38,"column":20},"end":{"line":38,"column":43}},"25":{"start":{"line":39,"column":6},"end":{"line":40,"column":17}},"26":{"start":{"line":40,"column":8},"end":{"line":40,"column":17}},"27":{"start":{"line":41,"column":14},"end":{"line":41,"column":15}},"28":{"start":{"line":42,"column":6},"end":{"line":43,"column":36}},"29":{"start":{"line":43,"column":8},"end":{"line":43,"column":36}},"30":{"start":{"line":44,"column":6},"end":{"line":44,"column":26}},"31":{"start":{"line":46,"column":4},"end":{"line":46,"column":18}},"32":{"start":{"line":1,"column":0},"end":{"line":1,"column":13}}},"fnMap":{"0":{"name":"(anonymous_0)","decl":{"start":{"line":2,"column":2},"end":{"line":2,"column":8}},"loc":{"start":{"line":2,"column":32},"end":{"line":24,"column":3}}},"1":{"name":"(anonymous_1)","decl":{"start":{"line":12,"column":6},"end":{"line":12,"column":16}},"loc":{"start":{"line":12,"column":29},"end":{"line":19,"column":7}}},"2":{"name":"(anonymous_2)","decl":{"start":{"line":26,"column":2},"end":{"line":26,"column":8}},"loc":{"start":{"line":26,"column":31},"end":{"line":47,"column":3}}}},"branchMap":{"0":{"loc":{"start":{"line":8,"column":4},"end":{"line":8,"column":42}},"type":"if","locations":[{"start":{"line":8,"column":4},"end":{"line":8,"column":42}}]},"1":{"loc":{"start":{"line":14,"column":8},"end":{"line":17,"column":46}},"type":"if","locations":[{"start":{"line":14,"column":8},"end":{"line":17,"column":46}},{"start":{"line":16,"column":13},"end":{"line":17,"column":46}}]},"2":{"loc":{"start":{"line":16,"column":13},"end":{"line":17,"column":46}},"type":"if","locations":[{"start":{"line":16,"column":13},"end":{"line":17,"column":46}},{"start":{"line":17,"column":13},"end":{"line":17,"column":46}}]},"3":{"loc":{"start":{"line":17,"column":13},"end":{"line":17,"column":46}},"type":"if","locations":[{"start":{"line":17,"column":13},"end":{"line":17,"column":46}}]},"4":{"loc":{"start":{"line":22,"column":4},"end":{"line":22,"column":39}},"type":"if","locations":[{"start":{"line":22,"column":4},"end":{"line":22,"column":39}}]},"5":{"loc":{"start":{"line":30,"column":4},"end":{"line":30,"column":37}},"type":"if","locations":[{"start":{"line":30,"column":4},"end":{"line":30,"column":37}}]},"6":{"loc":{"start":{"line":39,"column":6},"end":{"line":40,"column":17}},"type":"if","locations":[{"start":{"line":39,"column":6},"end":{"line":40,"column":17}}]}},"s":{"0":7,"1":7,"2":7,"3":0,"4":7,"5":7,"6":16,"7":0,"8":16,"9":2,"10":14,"11":14,"12":16,"13":7,"14":0,"15":7,"16":4,"17":4,"18":0,"19":4,"20":4,"21":4,"22":4,"23":7,"24":7,"25":7,"26":0,"27":7,"28":7,"29":16,"30":7,"31":4,"32":2},"f":{"0":7,"1":16,"2":4},"b":{"0":[0],"1":[0,16],"2":[2,14],"3":[14],"4":[0],"5":[0],"6":[0]}}
,"/Users/nolleh/Documents/workspace_github/csv-loader/src/index.ts": {"path":"/Users/nolleh/Documents/workspace_github/csv-loader/src/index.ts","statementMap":{"0":{"start":{"line":1,"column":0},"end":{"line":1,"column":29}}},"fnMap":{},"branchMap":{},"s":{"0":1},"f":{},"b":{}}
}
