TN:
SF:src/csv-loader.ts
FN:2,(anonymous_0)
FN:12,(anonymous_1)
FN:26,(anonymous_2)
FNF:3
FNH:3
FNDA:7,(anonymous_0)
FNDA:16,(anonymous_1)
FNDA:4,(anonymous_2)
DA:1,2
DA:4,7
DA:6,7
DA:8,7
DA:9,7
DA:10,7
DA:14,16
DA:16,16
DA:17,14
DA:18,16
DA:22,7
DA:23,7
DA:28,4
DA:30,4
DA:32,4
DA:34,4
DA:35,4
DA:36,4
DA:37,7
DA:38,7
DA:39,7
DA:40,0
DA:41,7
DA:42,7
DA:43,16
DA:44,7
DA:46,4
LF:27
LH:26
BRDA:8,0,0,0
BRDA:14,1,0,0
BRDA:14,1,1,16
BRDA:16,2,0,2
BRDA:16,2,1,14
BRDA:17,3,0,14
BRDA:22,4,0,0
BRDA:30,5,0,0
BRDA:39,6,0,0
BRF:9
BRH:4
end_of_record
TN:
SF:src/index.ts
FNF:0
FNH:0
DA:1,1
LF:1
LH:1
BRF:0
BRH:0
end_of_record
